app/build/intermediates/manifest_merge_blame_file/release/processReleaseMainManifest/manifest-merger-blame-release-report.txt
1<?xml version="1.0" encoding="utf-8"?>
2<!--
3    Copyright 2019 Google Inc. All Rights Reserved.
4    Modified for Raw Milk Native Android WebView App.
5-->
6<manifest xmlns:android="http://schemas.android.com/apk/res/android"
7    package="com.rawmilk.app"
8    android:versionCode="17"
9    android:versionName="1.1.16" >
10
11    <uses-sdk
12        android:minSdkVersion="23"
13        android:targetSdkVersion="35" />
14
15    <uses-permission android:name="android.permission.INTERNET" />
15-->src\main\AndroidManifest.xml:9:5-67
15-->src\main\AndroidManifest.xml:9:22-64
16    <uses-permission android:name="android.permission.ACCESS_NETWORK_STATE" />
16-->src\main\AndroidManifest.xml:10:5-79
16-->src\main\AndroidManifest.xml:10:22-76
17    <uses-permission android:name="android.permission.POST_NOTIFICATIONS" />
17-->src\main\AndroidManifest.xml:11:5-77
17-->src\main\AndroidManifest.xml:11:22-74
18    <uses-permission android:name="android.permission.WAKE_LOCK" />
18-->src\main\AndroidManifest.xml:12:5-68
18-->src\main\AndroidManifest.xml:12:22-65
19    <!-- Required by older versions of Google Play services to create IID tokens -->
20    <uses-permission android:name="com.google.android.c2dm.permission.RECEIVE" />
20-->[com.google.firebase:firebase-messaging:24.0.0] AndroidManifest.xml:26:5-82
20-->[com.google.firebase:firebase-messaging:24.0.0] AndroidManifest.xml:26:22-79
21    <uses-permission android:name="com.google.android.providers.gsf.permission.READ_GSERVICES" />
21-->[com.google.android.recaptcha:recaptcha:18.4.0] AndroidManifest.xml:9:5-98
21-->[com.google.android.recaptcha:recaptcha:18.4.0] AndroidManifest.xml:9:22-95
22
23    <permission
23-->[androidx.core:core:1.13.1] AndroidManifest.xml:22:5-24:47
24        android:name="com.rawmilk.app.DYNAMIC_RECEIVER_NOT_EXPORTED_PERMISSION"
24-->[androidx.core:core:1.13.1] AndroidManifest.xml:23:9-81
25        android:protectionLevel="signature" />
25-->[androidx.core:core:1.13.1] AndroidManifest.xml:24:9-44
26
27    <uses-permission android:name="com.rawmilk.app.DYNAMIC_RECEIVER_NOT_EXPORTED_PERMISSION" />
27-->[androidx.core:core:1.13.1] AndroidManifest.xml:26:5-97
27-->[androidx.core:core:1.13.1] AndroidManifest.xml:26:22-94
28
29    <application
29-->src\main\AndroidManifest.xml:14:5-80:19
30        android:name="com.rawmilk.app.Application"
30-->src\main\AndroidManifest.xml:15:9-36
31        android:allowBackup="true"
31-->src\main\AndroidManifest.xml:16:9-35
32        android:appComponentFactory="androidx.core.app.CoreComponentFactory"
32-->[androidx.core:core:1.13.1] AndroidManifest.xml:28:18-86
33        android:extractNativeLibs="false"
34        android:icon="@mipmap/ic_launcher"
34-->src\main\AndroidManifest.xml:17:9-43
35        android:label="@string/appName"
35-->src\main\AndroidManifest.xml:18:9-40
36        android:networkSecurityConfig="@xml/network_security_config"
36-->src\main\AndroidManifest.xml:21:9-69
37        android:supportsRtl="true"
37-->src\main\AndroidManifest.xml:19:9-35
38        android:theme="@style/Theme.RawMilk" >
38-->src\main\AndroidManifest.xml:20:9-45
39
40        <!-- Default FCM Configuration Metadata -->
41        <meta-data
41-->src\main\AndroidManifest.xml:24:9-26:65
42            android:name="com.google.firebase.messaging.default_notification_icon"
42-->src\main\AndroidManifest.xml:25:13-83
43            android:resource="@drawable/ic_notification_icon" />
43-->src\main\AndroidManifest.xml:26:13-62
44        <meta-data
44-->src\main\AndroidManifest.xml:27:9-29:53
45            android:name="com.google.firebase.messaging.default_notification_channel_id"
45-->src\main\AndroidManifest.xml:28:13-89
46            android:value="rawmilk_notifications" />
46-->src\main\AndroidManifest.xml:29:13-50
47        <meta-data
47-->src\main\AndroidManifest.xml:31:9-33:58
48            android:name="asset_statements"
48-->src\main\AndroidManifest.xml:32:13-44
49            android:resource="@string/assetStatements" />
49-->src\main\AndroidManifest.xml:33:13-55
50
51        <activity
51-->src\main\AndroidManifest.xml:35:9-59:20
52            android:name="com.rawmilk.app.MainActivity"
52-->src\main\AndroidManifest.xml:36:13-41
53            android:alwaysRetainTaskState="true"
53-->src\main\AndroidManifest.xml:38:13-49
54            android:exported="true"
54-->src\main\AndroidManifest.xml:41:13-36
55            android:label="@string/launcherName"
55-->src\main\AndroidManifest.xml:39:13-49
56            android:launchMode="singleTask"
56-->src\main\AndroidManifest.xml:40:13-44
57            android:theme="@style/Theme.RawMilk" >
57-->src\main\AndroidManifest.xml:37:13-49
58            <intent-filter>
58-->src\main\AndroidManifest.xml:42:13-45:29
59                <action android:name="android.intent.action.MAIN" />
59-->src\main\AndroidManifest.xml:43:17-69
59-->src\main\AndroidManifest.xml:43:25-66
60
61                <category android:name="android.intent.category.LAUNCHER" />
61-->src\main\AndroidManifest.xml:44:17-77
61-->src\main\AndroidManifest.xml:44:27-74
62            </intent-filter>
63            <intent-filter>
63-->src\main\AndroidManifest.xml:46:13-49:29
64                <action android:name="OPEN_MAIN_ACTIVITY" />
64-->src\main\AndroidManifest.xml:47:17-61
64-->src\main\AndroidManifest.xml:47:25-58
65
66                <category android:name="android.intent.category.DEFAULT" />
66-->src\main\AndroidManifest.xml:48:17-76
66-->src\main\AndroidManifest.xml:48:27-73
67            </intent-filter>
68
69            <!-- Support deep linking from browser / notification URLs -->
70            <intent-filter android:autoVerify="true" >
70-->src\main\AndroidManifest.xml:52:13-58:29
70-->src\main\AndroidManifest.xml:52:28-53
71                <action android:name="android.intent.action.VIEW" />
71-->src\main\AndroidManifest.xml:53:17-69
71-->src\main\AndroidManifest.xml:53:25-66
72
73                <category android:name="android.intent.category.DEFAULT" />
73-->src\main\AndroidManifest.xml:48:17-76
73-->src\main\AndroidManifest.xml:48:27-73
74                <category android:name="android.intent.category.BROWSABLE" />
74-->src\main\AndroidManifest.xml:55:17-78
74-->src\main\AndroidManifest.xml:55:27-75
75
76                <data
76-->src\main\AndroidManifest.xml:56:17-57:55
77                    android:host="@string/hostName"
77-->src\main\AndroidManifest.xml:57:21-52
78                    android:scheme="https" />
78-->src\main\AndroidManifest.xml:56:23-45
79            </intent-filter>
80        </activity>
81
82        <!-- Native FCM Service to handle push alerts -->
83        <service
83-->src\main\AndroidManifest.xml:62:9-68:19
84            android:name="com.rawmilk.app.MyFirebaseMessagingService"
84-->src\main\AndroidManifest.xml:63:13-55
85            android:exported="false" >
85-->src\main\AndroidManifest.xml:64:13-37
86            <intent-filter>
86-->src\main\AndroidManifest.xml:65:13-67:29
87                <action android:name="com.google.firebase.MESSAGING_EVENT" />
87-->src\main\AndroidManifest.xml:66:17-78
87-->src\main\AndroidManifest.xml:66:25-75
88            </intent-filter>
89        </service>
90
91        <provider
91-->src\main\AndroidManifest.xml:70:9-78:20
92            android:name="androidx.core.content.FileProvider"
92-->src\main\AndroidManifest.xml:71:13-62
93            android:authorities="@string/providerAuthority"
93-->src\main\AndroidManifest.xml:72:13-60
94            android:exported="false"
94-->src\main\AndroidManifest.xml:74:13-37
95            android:grantUriPermissions="true" >
95-->src\main\AndroidManifest.xml:73:13-47
96            <meta-data
96-->src\main\AndroidManifest.xml:75:13-77:53
97                android:name="android.support.FILE_PROVIDER_PATHS"
97-->src\main\AndroidManifest.xml:76:17-67
98                android:resource="@xml/filepaths" />
98-->src\main\AndroidManifest.xml:77:17-50
99        </provider>
100        <provider
100-->[androidx.emoji2:emoji2:1.3.0] AndroidManifest.xml:24:9-32:20
101            android:name="androidx.startup.InitializationProvider"
101-->[androidx.emoji2:emoji2:1.3.0] AndroidManifest.xml:25:13-67
102            android:authorities="com.rawmilk.app.androidx-startup"
102-->[androidx.emoji2:emoji2:1.3.0] AndroidManifest.xml:26:13-68
103            android:exported="false" >
103-->[androidx.emoji2:emoji2:1.3.0] AndroidManifest.xml:27:13-37
104            <meta-data
104-->[androidx.emoji2:emoji2:1.3.0] AndroidManifest.xml:29:13-31:52
105                android:name="androidx.emoji2.text.EmojiCompatInitializer"
105-->[androidx.emoji2:emoji2:1.3.0] AndroidManifest.xml:30:17-75
106                android:value="androidx.startup" />
106-->[androidx.emoji2:emoji2:1.3.0] AndroidManifest.xml:31:17-49
107            <meta-data
107-->[androidx.lifecycle:lifecycle-process:2.6.2] AndroidManifest.xml:29:13-31:52
108                android:name="androidx.lifecycle.ProcessLifecycleInitializer"
108-->[androidx.lifecycle:lifecycle-process:2.6.2] AndroidManifest.xml:30:17-78
109                android:value="androidx.startup" />
109-->[androidx.lifecycle:lifecycle-process:2.6.2] AndroidManifest.xml:31:17-49
110            <meta-data
110-->[androidx.profileinstaller:profileinstaller:1.3.1] AndroidManifest.xml:29:13-31:52
111                android:name="androidx.profileinstaller.ProfileInstallerInitializer"
111-->[androidx.profileinstaller:profileinstaller:1.3.1] AndroidManifest.xml:30:17-85
112                android:value="androidx.startup" />
112-->[androidx.profileinstaller:profileinstaller:1.3.1] AndroidManifest.xml:31:17-49
113        </provider>
114
115        <activity
115-->[com.google.firebase:firebase-auth:23.0.0] AndroidManifest.xml:29:9-46:20
116            android:name="com.google.firebase.auth.internal.GenericIdpActivity"
116-->[com.google.firebase:firebase-auth:23.0.0] AndroidManifest.xml:30:13-80
117            android:excludeFromRecents="true"
117-->[com.google.firebase:firebase-auth:23.0.0] AndroidManifest.xml:31:13-46
118            android:exported="true"
118-->[com.google.firebase:firebase-auth:23.0.0] AndroidManifest.xml:32:13-36
119            android:launchMode="singleTask"
119-->[com.google.firebase:firebase-auth:23.0.0] AndroidManifest.xml:33:13-44
120            android:theme="@android:style/Theme.Translucent.NoTitleBar" >
120-->[com.google.firebase:firebase-auth:23.0.0] AndroidManifest.xml:34:13-72
121            <intent-filter>
121-->[com.google.firebase:firebase-auth:23.0.0] AndroidManifest.xml:35:13-45:29
122                <action android:name="android.intent.action.VIEW" />
122-->src\main\AndroidManifest.xml:53:17-69
122-->src\main\AndroidManifest.xml:53:25-66
123
124                <category android:name="android.intent.category.DEFAULT" />
124-->src\main\AndroidManifest.xml:48:17-76
124-->src\main\AndroidManifest.xml:48:27-73
125                <category android:name="android.intent.category.BROWSABLE" />
125-->src\main\AndroidManifest.xml:55:17-78
125-->src\main\AndroidManifest.xml:55:27-75
126
127                <data
127-->src\main\AndroidManifest.xml:56:17-57:55
128                    android:host="firebase.auth"
128-->src\main\AndroidManifest.xml:57:21-52
129                    android:path="/"
130                    android:scheme="genericidp" />
130-->src\main\AndroidManifest.xml:56:23-45
131            </intent-filter>
132        </activity>
133        <activity
133-->[com.google.firebase:firebase-auth:23.0.0] AndroidManifest.xml:47:9-64:20
134            android:name="com.google.firebase.auth.internal.RecaptchaActivity"
134-->[com.google.firebase:firebase-auth:23.0.0] AndroidManifest.xml:48:13-79
135            android:excludeFromRecents="true"
135-->[com.google.firebase:firebase-auth:23.0.0] AndroidManifest.xml:49:13-46
136            android:exported="true"
136-->[com.google.firebase:firebase-auth:23.0.0] AndroidManifest.xml:50:13-36
137            android:launchMode="singleTask"
137-->[com.google.firebase:firebase-auth:23.0.0] AndroidManifest.xml:51:13-44
138            android:theme="@android:style/Theme.Translucent.NoTitleBar" >
138-->[com.google.firebase:firebase-auth:23.0.0] AndroidManifest.xml:52:13-72
139            <intent-filter>
139-->[com.google.firebase:firebase-auth:23.0.0] AndroidManifest.xml:53:13-63:29
140                <action android:name="android.intent.action.VIEW" />
140-->src\main\AndroidManifest.xml:53:17-69
140-->src\main\AndroidManifest.xml:53:25-66
141
142                <category android:name="android.intent.category.DEFAULT" />
142-->src\main\AndroidManifest.xml:48:17-76
142-->src\main\AndroidManifest.xml:48:27-73
143                <category android:name="android.intent.category.BROWSABLE" />
143-->src\main\AndroidManifest.xml:55:17-78
143-->src\main\AndroidManifest.xml:55:27-75
144
145                <data
145-->src\main\AndroidManifest.xml:56:17-57:55
146                    android:host="firebase.auth"
146-->src\main\AndroidManifest.xml:57:21-52
147                    android:path="/"
148                    android:scheme="recaptcha" />
148-->src\main\AndroidManifest.xml:56:23-45
149            </intent-filter>
150        </activity>
151
152        <service
152-->[com.google.firebase:firebase-auth:23.0.0] AndroidManifest.xml:66:9-72:19
153            android:name="com.google.firebase.components.ComponentDiscoveryService"
153-->[com.google.firebase:firebase-auth:23.0.0] AndroidManifest.xml:67:13-84
154            android:directBootAware="true"
154-->[com.google.firebase:firebase-common:21.0.0] AndroidManifest.xml:32:13-43
155            android:exported="false" >
155-->[com.google.firebase:firebase-auth:23.0.0] AndroidManifest.xml:68:13-37
156            <meta-data
156-->[com.google.firebase:firebase-auth:23.0.0] AndroidManifest.xml:69:13-71:85
157                android:name="com.google.firebase.components:com.google.firebase.auth.FirebaseAuthRegistrar"
157-->[com.google.firebase:firebase-auth:23.0.0] AndroidManifest.xml:70:17-109
158                android:value="com.google.firebase.components.ComponentRegistrar" />
158-->[com.google.firebase:firebase-auth:23.0.0] AndroidManifest.xml:71:17-82
159            <meta-data
159-->[com.google.firebase:firebase-messaging:24.0.0] AndroidManifest.xml:57:13-59:85
160                android:name="com.google.firebase.components:com.google.firebase.messaging.FirebaseMessagingKtxRegistrar"
160-->[com.google.firebase:firebase-messaging:24.0.0] AndroidManifest.xml:58:17-122
161                android:value="com.google.firebase.components.ComponentRegistrar" />
161-->[com.google.firebase:firebase-messaging:24.0.0] AndroidManifest.xml:59:17-82
162            <meta-data
162-->[com.google.firebase:firebase-messaging:24.0.0] AndroidManifest.xml:60:13-62:85
163                android:name="com.google.firebase.components:com.google.firebase.messaging.FirebaseMessagingRegistrar"
163-->[com.google.firebase:firebase-messaging:24.0.0] AndroidManifest.xml:61:17-119
164                android:value="com.google.firebase.components.ComponentRegistrar" />
164-->[com.google.firebase:firebase-messaging:24.0.0] AndroidManifest.xml:62:17-82
165            <meta-data
165-->[com.google.firebase:firebase-installations:17.2.0] AndroidManifest.xml:15:13-17:85
166                android:name="com.google.firebase.components:com.google.firebase.installations.FirebaseInstallationsKtxRegistrar"
166-->[com.google.firebase:firebase-installations:17.2.0] AndroidManifest.xml:16:17-130
167                android:value="com.google.firebase.components.ComponentRegistrar" />
167-->[com.google.firebase:firebase-installations:17.2.0] AndroidManifest.xml:17:17-82
168            <meta-data
168-->[com.google.firebase:firebase-installations:17.2.0] AndroidManifest.xml:18:13-20:85
169                android:name="com.google.firebase.components:com.google.firebase.installations.FirebaseInstallationsRegistrar"
169-->[com.google.firebase:firebase-installations:17.2.0] AndroidManifest.xml:19:17-127
170                android:value="com.google.firebase.components.ComponentRegistrar" />
170-->[com.google.firebase:firebase-installations:17.2.0] AndroidManifest.xml:20:17-82
171            <meta-data
171-->[com.google.firebase:firebase-common-ktx:21.0.0] AndroidManifest.xml:12:13-14:85
172                android:name="com.google.firebase.components:com.google.firebase.ktx.FirebaseCommonLegacyRegistrar"
172-->[com.google.firebase:firebase-common-ktx:21.0.0] AndroidManifest.xml:13:17-116
173                android:value="com.google.firebase.components.ComponentRegistrar" />
173-->[com.google.firebase:firebase-common-ktx:21.0.0] AndroidManifest.xml:14:17-82
174            <meta-data
174-->[com.google.firebase:firebase-common:21.0.0] AndroidManifest.xml:35:13-37:85
175                android:name="com.google.firebase.components:com.google.firebase.FirebaseCommonKtxRegistrar"
175-->[com.google.firebase:firebase-common:21.0.0] AndroidManifest.xml:36:17-109
176                android:value="com.google.firebase.components.ComponentRegistrar" />
176-->[com.google.firebase:firebase-common:21.0.0] AndroidManifest.xml:37:17-82
177            <meta-data
177-->[com.google.firebase:firebase-datatransport:18.2.0] AndroidManifest.xml:25:13-27:85
178                android:name="com.google.firebase.components:com.google.firebase.datatransport.TransportRegistrar"
178-->[com.google.firebase:firebase-datatransport:18.2.0] AndroidManifest.xml:26:17-115
179                android:value="com.google.firebase.components.ComponentRegistrar" />
179-->[com.google.firebase:firebase-datatransport:18.2.0] AndroidManifest.xml:27:17-82
180        </service>
181        <service
181-->[androidx.credentials:credentials-play-services-auth:1.2.0-rc01] AndroidManifest.xml:24:9-32:19
182            android:name="androidx.credentials.playservices.CredentialProviderMetadataHolder"
182-->[androidx.credentials:credentials-play-services-auth:1.2.0-rc01] AndroidManifest.xml:25:13-94
183            android:enabled="true"
183-->[androidx.credentials:credentials-play-services-auth:1.2.0-rc01] AndroidManifest.xml:26:13-35
184            android:exported="false" >
184-->[androidx.credentials:credentials-play-services-auth:1.2.0-rc01] AndroidManifest.xml:27:13-37
185            <meta-data
185-->[androidx.credentials:credentials-play-services-auth:1.2.0-rc01] AndroidManifest.xml:29:13-31:104
186                android:name="androidx.credentials.CREDENTIAL_PROVIDER_KEY"
186-->[androidx.credentials:credentials-play-services-auth:1.2.0-rc01] AndroidManifest.xml:30:17-76
187                android:value="androidx.credentials.playservices.CredentialProviderPlayServicesImpl" />
187-->[androidx.credentials:credentials-play-services-auth:1.2.0-rc01] AndroidManifest.xml:31:17-101
188        </service>
189
190        <activity
190-->[androidx.credentials:credentials-play-services-auth:1.2.0-rc01] AndroidManifest.xml:34:9-41:20
191            android:name="androidx.credentials.playservices.HiddenActivity"
191-->[androidx.credentials:credentials-play-services-auth:1.2.0-rc01] AndroidManifest.xml:35:13-76
192            android:configChanges="orientation|screenSize|screenLayout|keyboardHidden"
192-->[androidx.credentials:credentials-play-services-auth:1.2.0-rc01] AndroidManifest.xml:36:13-87
193            android:enabled="true"
193-->[androidx.credentials:credentials-play-services-auth:1.2.0-rc01] AndroidManifest.xml:37:13-35
194            android:exported="false"
194-->[androidx.credentials:credentials-play-services-auth:1.2.0-rc01] AndroidManifest.xml:38:13-37
195            android:fitsSystemWindows="true"
195-->[androidx.credentials:credentials-play-services-auth:1.2.0-rc01] AndroidManifest.xml:39:13-45
196            android:theme="@style/Theme.Hidden" >
196-->[androidx.credentials:credentials-play-services-auth:1.2.0-rc01] AndroidManifest.xml:40:13-48
197        </activity>
198        <activity
198-->[com.google.android.gms:play-services-auth:21.2.0] AndroidManifest.xml:23:9-27:75
199            android:name="com.google.android.gms.auth.api.signin.internal.SignInHubActivity"
199-->[com.google.android.gms:play-services-auth:21.2.0] AndroidManifest.xml:24:13-93
200            android:excludeFromRecents="true"
200-->[com.google.android.gms:play-services-auth:21.2.0] AndroidManifest.xml:25:13-46
201            android:exported="false"
201-->[com.google.android.gms:play-services-auth:21.2.0] AndroidManifest.xml:26:13-37
202            android:theme="@android:style/Theme.Translucent.NoTitleBar" />
202-->[com.google.android.gms:play-services-auth:21.2.0] AndroidManifest.xml:27:13-72
203        <!--
204            Service handling Google Sign-In user revocation. For apps that do not integrate with
205            Google Sign-In, this service will never be started.
206        -->
207        <service
207-->[com.google.android.gms:play-services-auth:21.2.0] AndroidManifest.xml:33:9-37:51
208            android:name="com.google.android.gms.auth.api.signin.RevocationBoundService"
208-->[com.google.android.gms:play-services-auth:21.2.0] AndroidManifest.xml:34:13-89
209            android:exported="true"
209-->[com.google.android.gms:play-services-auth:21.2.0] AndroidManifest.xml:35:13-36
210            android:permission="com.google.android.gms.auth.api.signin.permission.REVOCATION_NOTIFICATION"
210-->[com.google.android.gms:play-services-auth:21.2.0] AndroidManifest.xml:36:13-107
211            android:visibleToInstantApps="true" />
211-->[com.google.android.gms:play-services-auth:21.2.0] AndroidManifest.xml:37:13-48
212
213        <receiver
213-->[com.google.firebase:firebase-messaging:24.0.0] AndroidManifest.xml:29:9-40:20
214            android:name="com.google.firebase.iid.FirebaseInstanceIdReceiver"
214-->[com.google.firebase:firebase-messaging:24.0.0] AndroidManifest.xml:30:13-78
215            android:exported="true"
215-->[com.google.firebase:firebase-messaging:24.0.0] AndroidManifest.xml:31:13-36
216            android:permission="com.google.android.c2dm.permission.SEND" >
216-->[com.google.firebase:firebase-messaging:24.0.0] AndroidManifest.xml:32:13-73
217            <intent-filter>
217-->[com.google.firebase:firebase-messaging:24.0.0] AndroidManifest.xml:33:13-35:29
218                <action android:name="com.google.android.c2dm.intent.RECEIVE" />
218-->[com.google.firebase:firebase-messaging:24.0.0] AndroidManifest.xml:34:17-81
218-->[com.google.firebase:firebase-messaging:24.0.0] AndroidManifest.xml:34:25-78
219            </intent-filter>
220
221            <meta-data
221-->[com.google.firebase:firebase-messaging:24.0.0] AndroidManifest.xml:37:13-39:40
222                android:name="com.google.android.gms.cloudmessaging.FINISHED_AFTER_HANDLED"
222-->[com.google.firebase:firebase-messaging:24.0.0] AndroidManifest.xml:38:17-92
223                android:value="true" />
223-->[com.google.firebase:firebase-messaging:24.0.0] AndroidManifest.xml:39:17-37
224        </receiver>
225        <!--
226             FirebaseMessagingService performs security checks at runtime,
227             but set to not exported to explicitly avoid allowing another app to call it.
228        -->
229        <service
229-->[com.google.firebase:firebase-messaging:24.0.0] AndroidManifest.xml:46:9-53:19
230            android:name="com.google.firebase.messaging.FirebaseMessagingService"
230-->[com.google.firebase:firebase-messaging:24.0.0] AndroidManifest.xml:47:13-82
231            android:directBootAware="true"
231-->[com.google.firebase:firebase-messaging:24.0.0] AndroidManifest.xml:48:13-43
232            android:exported="false" >
232-->[com.google.firebase:firebase-messaging:24.0.0] AndroidManifest.xml:49:13-37
233            <intent-filter android:priority="-500" >
233-->src\main\AndroidManifest.xml:65:13-67:29
234                <action android:name="com.google.firebase.MESSAGING_EVENT" />
234-->src\main\AndroidManifest.xml:66:17-78
234-->src\main\AndroidManifest.xml:66:25-75
235            </intent-filter>
236        </service>
237
238        <activity
238-->[com.google.android.gms:play-services-base:18.3.0] AndroidManifest.xml:20:9-22:45
239            android:name="com.google.android.gms.common.api.GoogleApiActivity"
239-->[com.google.android.gms:play-services-base:18.3.0] AndroidManifest.xml:20:19-85
240            android:exported="false"
240-->[com.google.android.gms:play-services-base:18.3.0] AndroidManifest.xml:22:19-43
241            android:theme="@android:style/Theme.Translucent.NoTitleBar" />
241-->[com.google.android.gms:play-services-base:18.3.0] AndroidManifest.xml:21:19-78
242
243        <provider
243-->[com.google.firebase:firebase-common:21.0.0] AndroidManifest.xml:23:9-28:39
244            android:name="com.google.firebase.provider.FirebaseInitProvider"
244-->[com.google.firebase:firebase-common:21.0.0] AndroidManifest.xml:24:13-77
245            android:authorities="com.rawmilk.app.firebaseinitprovider"
245-->[com.google.firebase:firebase-common:21.0.0] AndroidManifest.xml:25:13-72
246            android:directBootAware="true"
246-->[com.google.firebase:firebase-common:21.0.0] AndroidManifest.xml:26:13-43
247            android:exported="false"
247-->[com.google.firebase:firebase-common:21.0.0] AndroidManifest.xml:27:13-37
248            android:initOrder="100" />
248-->[com.google.firebase:firebase-common:21.0.0] AndroidManifest.xml:28:13-36
249
250        <meta-data
250-->[com.google.android.gms:play-services-basement:18.3.0] AndroidManifest.xml:21:9-23:69
251            android:name="com.google.android.gms.version"
251-->[com.google.android.gms:play-services-basement:18.3.0] AndroidManifest.xml:22:13-58
252            android:value="@integer/google_play_services_version" />
252-->[com.google.android.gms:play-services-basement:18.3.0] AndroidManifest.xml:23:13-66
253
254        <receiver
254-->[androidx.profileinstaller:profileinstaller:1.3.1] AndroidManifest.xml:34:9-52:20
255            android:name="androidx.profileinstaller.ProfileInstallReceiver"
255-->[androidx.profileinstaller:profileinstaller:1.3.1] AndroidManifest.xml:35:13-76
256            android:directBootAware="false"
256-->[androidx.profileinstaller:profileinstaller:1.3.1] AndroidManifest.xml:36:13-44
257            android:enabled="true"
257-->[androidx.profileinstaller:profileinstaller:1.3.1] AndroidManifest.xml:37:13-35
258            android:exported="true"
258-->[androidx.profileinstaller:profileinstaller:1.3.1] AndroidManifest.xml:38:13-36
259            android:permission="android.permission.DUMP" >
259-->[androidx.profileinstaller:profileinstaller:1.3.1] AndroidManifest.xml:39:13-57
260            <intent-filter>
260-->[androidx.profileinstaller:profileinstaller:1.3.1] AndroidManifest.xml:40:13-42:29
261                <action android:name="androidx.profileinstaller.action.INSTALL_PROFILE" />
261-->[androidx.profileinstaller:profileinstaller:1.3.1] AndroidManifest.xml:41:17-91
261-->[androidx.profileinstaller:profileinstaller:1.3.1] AndroidManifest.xml:41:25-88
262            </intent-filter>
263            <intent-filter>
263-->[androidx.profileinstaller:profileinstaller:1.3.1] AndroidManifest.xml:43:13-45:29
264                <action android:name="androidx.profileinstaller.action.SKIP_FILE" />
264-->[androidx.profileinstaller:profileinstaller:1.3.1] AndroidManifest.xml:44:17-85
264-->[androidx.profileinstaller:profileinstaller:1.3.1] AndroidManifest.xml:44:25-82
265            </intent-filter>
266            <intent-filter>
266-->[androidx.profileinstaller:profileinstaller:1.3.1] AndroidManifest.xml:46:13-48:29
267                <action android:name="androidx.profileinstaller.action.SAVE_PROFILE" />
267-->[androidx.profileinstaller:profileinstaller:1.3.1] AndroidManifest.xml:47:17-88
267-->[androidx.profileinstaller:profileinstaller:1.3.1] AndroidManifest.xml:47:25-85
268            </intent-filter>
269            <intent-filter>
269-->[androidx.profileinstaller:profileinstaller:1.3.1] AndroidManifest.xml:49:13-51:29
270                <action android:name="androidx.profileinstaller.action.BENCHMARK_OPERATION" />
270-->[androidx.profileinstaller:profileinstaller:1.3.1] AndroidManifest.xml:50:17-95
270-->[androidx.profileinstaller:profileinstaller:1.3.1] AndroidManifest.xml:50:25-92
271            </intent-filter>
272        </receiver>
273
274        <service
274-->[com.google.android.datatransport:transport-backend-cct:3.1.9] AndroidManifest.xml:28:9-34:19
275            android:name="com.google.android.datatransport.runtime.backends.TransportBackendDiscovery"
275-->[com.google.android.datatransport:transport-backend-cct:3.1.9] AndroidManifest.xml:29:13-103
276            android:exported="false" >
276-->[com.google.android.datatransport:transport-backend-cct:3.1.9] AndroidManifest.xml:30:13-37
277            <meta-data
277-->[com.google.android.datatransport:transport-backend-cct:3.1.9] AndroidManifest.xml:31:13-33:39
278                android:name="backend:com.google.android.datatransport.cct.CctBackendFactory"
278-->[com.google.android.datatransport:transport-backend-cct:3.1.9] AndroidManifest.xml:32:17-94
279                android:value="cct" />
279-->[com.google.android.datatransport:transport-backend-cct:3.1.9] AndroidManifest.xml:33:17-36
280        </service>
281        <service
281-->[com.google.android.datatransport:transport-runtime:3.1.9] AndroidManifest.xml:26:9-30:19
282            android:name="com.google.android.datatransport.runtime.scheduling.jobscheduling.JobInfoSchedulerService"
282-->[com.google.android.datatransport:transport-runtime:3.1.9] AndroidManifest.xml:27:13-117
283            android:exported="false"
283-->[com.google.android.datatransport:transport-runtime:3.1.9] AndroidManifest.xml:28:13-37
284            android:permission="android.permission.BIND_JOB_SERVICE" >
284-->[com.google.android.datatransport:transport-runtime:3.1.9] AndroidManifest.xml:29:13-69
285        </service>
286
287        <receiver
287-->[com.google.android.datatransport:transport-runtime:3.1.9] AndroidManifest.xml:32:9-34:40